<?xml version="1.0" encoding="UTF-8"?>
<!-- Generated by org.testng.reporters.JUnitReportReporter -->
<testsuite hostname="TECH-LP-951.local" failures="0" tests="1" name="practice.Appium_IOS_Android.IOS_Slider" time="9.112" errors="0" timestamp="10 Jun 2022 12:34:17 GMT" skipped="0">
  <testcase classname="practice.Appium_IOS_Android.IOS_Slider" name="sliderValidation" time="9.112"/>
</testsuite> <!-- practice.Appium_IOS_Android.IOS_Slider -->
