<?xml version="1.0" encoding="UTF-8"?>
<!-- Generated by org.testng.reporters.JUnitReportReporter -->
<testsuite hostname="TECH-LP-951.local" failures="0" tests="1" name="practice.AppiumIOS.IOS_LongTap" time="16.082" errors="0" timestamp="27 May 2022 13:33:34 GMT" skipped="0">
  <testcase classname="practice.AppiumIOS.IOS_LongTap" name="longTapValidation" time="16.082"/>
</testsuite> <!-- practice.AppiumIOS.IOS_LongTap -->
